2025-07-19 13:25:34,884 - INFO - Starting BTC trading bot in LIVE mode
2025-07-19 13:25:34,888 - INFO - Running trade check at 2025-07-19 13:25:34
2025-07-19 13:25:35,268 - INFO - No open position for BTC/USDT. Looking for a new trade.
2025-07-19 13:25:35,827 - INFO - Account balance: 0.0 USDT
2025-07-19 13:25:36,036 - WARNING - Could not retrieve sufficient klines for BTC/USDT.
2025-07-19 13:25:36,038 - INFO - Bot scheduled to run every 300 seconds
2025-07-19 16:09:07,485 - INFO - Starting BTC trading bot in TESTNET mode (Real Data)
2025-07-19 16:09:07,489 - INFO - Running trade check at 2025-07-19 16:09:07
2025-07-19 16:09:11,541 - INFO - Managing open long position for BTC/USDT. Entry: 118066.4, Size: 0.001
2025-07-19 16:09:11,976 - INFO - Current Price: 118282.90, TP: 115705.07, SL: 119247.06
2025-07-19 16:09:11,976 - INFO - Holding position. No action needed.
2025-07-19 16:09:11,986 - INFO - Bot scheduled to run every 300 seconds
2025-07-19 16:20:39,978 - INFO - Starting BTC trading bot in TESTNET mode
2025-07-19 16:20:39,983 - INFO - Running trade check at 2025-07-19 16:20:39
2025-07-19 16:20:43,964 - INFO - Managing open long position for BTC/USDT. Entry: 118066.4, Size: 0.001
2025-07-19 16:20:44,811 - INFO - Current Price: 118337.60, TP: 115705.07, SL: 119247.06
2025-07-19 16:20:44,811 - INFO - Holding position. No action needed.
2025-07-19 16:20:44,818 - INFO - Bot scheduled to run every 300 seconds
2025-07-19 16:23:39,634 - INFO - Starting SHIB/USDT trading bot in TESTNET mode (Real Data)
2025-07-19 16:23:39,639 - INFO - Running trade check at 2025-07-19 16:23:39
2025-07-19 16:23:43,079 - INFO - No open position for SHIB/USDT. Looking for a new trade.
2025-07-19 16:23:43,597 - INFO - Account balance: 8094.3906371 USDT
2025-07-19 16:23:43,599 - WARNING - Could not retrieve sufficient klines for SHIB/USDT.
2025-07-19 16:23:43,618 - INFO - Bot scheduled to run every 300 seconds
2025-07-19 16:26:34,004 - INFO - Starting 1000SHIBUSDT trading bot in TESTNET mode (Real Data)
2025-07-19 16:26:34,008 - INFO - Running trade check at 2025-07-19 16:26:34
2025-07-19 16:26:36,572 - INFO - No open position for 1000SHIBUSDT. Looking for a new trade.
2025-07-19 16:26:36,774 - INFO - Account balance: 0.0 USDT
2025-07-19 16:26:37,019 - INFO - SMC Signal: HOLD
2025-07-19 16:26:37,019 - INFO - Signal is HOLD. No action taken.
2025-07-19 16:26:37,026 - INFO - Bot scheduled to run every 300 seconds
2025-07-19 16:26:47,008 - INFO - Starting BTC trading bot in TESTNET mode
2025-07-19 16:26:47,012 - INFO - Running trade check at 2025-07-19 16:26:47
2025-07-19 16:26:50,169 - INFO - Managing open long position for BTC/USDT. Entry: 118066.4, Size: 0.001
2025-07-19 16:26:50,599 - INFO - Current Price: 118363.60, TP: 115705.07, SL: 119247.06
2025-07-19 16:26:50,599 - INFO - Holding position. No action needed.
2025-07-19 16:26:50,620 - INFO - Bot scheduled to run every 300 seconds
2025-07-19 16:27:29,623 - INFO - Starting 1000SHIBUSDT trading bot in TESTNET mode (Real Data)
2025-07-19 16:27:29,627 - INFO - Running trade check at 2025-07-19 16:27:29
2025-07-19 16:27:32,562 - INFO - No open position for 1000SHIBUSDT. Looking for a new trade.
2025-07-19 16:27:32,740 - INFO - Account balance: 0.0 USDT
2025-07-19 16:27:33,407 - INFO - SMC Signal: HOLD
2025-07-19 16:27:33,408 - INFO - Signal is HOLD. No action taken.
2025-07-19 16:27:33,420 - INFO - Bot scheduled to run every 300 seconds
2025-07-19 16:32:14,543 - INFO - Starting 1000SHIBUSDT trading bot in TESTNET mode (Real Data)
2025-07-19 16:32:14,547 - INFO - Running trade check at 2025-07-19 16:32:14
2025-07-19 16:32:17,622 - INFO - No open position for 1000SHIBUSDT. Looking for a new trade.
2025-07-19 16:32:18,031 - INFO - Account balance: 0.0 USDT
2025-07-19 16:32:18,225 - INFO - SMC Signal: HOLD
2025-07-19 16:32:18,226 - INFO - Signal is HOLD. No action taken.
2025-07-19 16:32:18,234 - INFO - Bot scheduled to run every 300 seconds
2025-07-19 16:34:40,133 - INFO - Starting 1000SHIBUSDT trading bot in TESTNET mode (Real Data)
2025-07-19 16:34:40,137 - INFO - Running trade check at 2025-07-19 16:34:40
2025-07-19 16:34:43,247 - INFO - No open position for 1000SHIBUSDT. Looking for a new trade.
2025-07-19 16:34:43,413 - INFO - Account balance: 0.0 USDT
2025-07-19 16:34:43,878 - INFO - SMC Signal: HOLD
2025-07-19 16:34:43,878 - INFO - Signal is HOLD. No action taken.
2025-07-19 16:34:43,889 - INFO - Bot scheduled to run every 300 seconds
2025-07-19 16:47:33,067 - INFO - Starting 1000SHIBUSDT trading bot in MOCK mode
2025-07-19 16:47:33,071 - INFO - Running trade check at 2025-07-19 16:47:33
2025-07-19 16:47:33,071 - INFO - No open position for 1000SHIBUSDT. Looking for a new trade.
2025-07-19 16:47:33,071 - INFO - Account balance: 1000.0 USDT
2025-07-19 16:47:33,085 - INFO - SMC Signal: SELL
2025-07-19 16:47:33,085 - INFO - High-Confluence SELL Setup Found!
2025-07-19 16:47:33,085 - INFO -   Entry: 100.00
2025-07-19 16:47:33,085 - INFO -   Stop Loss: 101.21
2025-07-19 16:47:33,085 - INFO -   Take Profit: 98.89
2025-07-19 16:47:33,085 - INFO -   Risk/Reward Ratio: 0.92:1
2025-07-19 16:47:33,085 - WARNING - Trade setup ignored. RR ratio 0.92:1 is below the 5:1 minimum.
2025-07-19 16:47:33,085 - INFO - Bot scheduled to run every 300 seconds
2025-07-19 16:48:26,365 - INFO - Starting 1000SHIBUSDT trading bot in TESTNET mode (Real Data)
2025-07-19 16:48:26,369 - INFO - Running trade check at 2025-07-19 16:48:26
2025-07-19 16:48:29,713 - INFO - No open position for 1000SHIBUSDT. Looking for a new trade.
2025-07-19 16:48:29,945 - INFO - Account balance: 8212.70447312 USDT
2025-07-19 16:48:30,384 - INFO - SMC Signal: HOLD
2025-07-19 16:48:30,384 - INFO - Signal is HOLD. No action taken.
2025-07-19 16:48:30,395 - INFO - Bot scheduled to run every 300 seconds
2025-07-19 21:58:10,666 - INFO - --- STARTING BOT IN LIVE TRADING MODE ---
2025-07-19 21:58:10,677 - INFO - Running trade check at 2025-07-19 21:58:10
2025-07-19 21:58:11,026 - INFO - No open positions found. Scanning for new trading opportunities...
2025-07-19 21:58:11,192 - ERROR - An unexpected error occurred in check_and_trade: binance {"code":-2008,"msg":"Invalid Api-Key ID."}
2025-07-19 21:58:11,195 - INFO - Bot scheduled to run every 300 seconds
2025-07-19 22:16:42,112 - INFO - --- STARTING BOT IN LIVE TRADING MODE ---
2025-07-19 22:16:42,122 - INFO - Running trade check at 2025-07-19 22:16:42
2025-07-19 22:16:45,784 - INFO - No open positions found. Scanning for new trading opportunities...
2025-07-19 22:16:46,001 - WARNING - Risk manager check failed: Account balance (0.00) below minimum (10). Halting trade.
2025-07-19 22:16:46,037 - INFO - Bot scheduled to run every 300 seconds
2025-07-19 22:20:34,767 - INFO - --- STARTING BOT IN LIVE TRADING MODE ---
2025-07-19 22:20:34,776 - INFO - Running trade check at 2025-07-19 22:20:34
2025-07-19 22:20:39,614 - INFO - No open positions found. Scanning for new trading opportunities...
2025-07-19 22:20:39,776 - WARNING - Risk manager check failed: Account balance (0.00) below minimum (10). Halting trade.
2025-07-19 22:20:39,818 - INFO - Bot scheduled to run every 300 seconds
2025-07-19 22:23:12,439 - INFO - --- STARTING BOT IN LIVE TRADING MODE ---
2025-07-19 22:23:12,445 - INFO - Running trade check at 2025-07-19 22:23:12
2025-07-19 22:23:16,941 - INFO - No open positions found. Scanning for new trading opportunities...
2025-07-19 22:23:18,615 - WARNING - Risk manager check failed: Account balance (0.00) below minimum (10). Halting trade.
2025-07-19 22:23:18,631 - INFO - Bot scheduled to run every 300 seconds
2025-07-19 22:24:31,907 - INFO - --- STARTING BOT IN LIVE TRADING MODE ---
2025-07-19 22:24:31,914 - INFO - Running trade check at 2025-07-19 22:24:31
2025-07-19 22:24:34,921 - INFO - No open positions found. Scanning for new trading opportunities...
2025-07-19 22:24:36,622 - WARNING - Risk manager check failed: Account balance (0.00) below minimum (1). Halting trade.
2025-07-19 22:24:36,666 - INFO - Bot scheduled to run every 300 seconds
2025-07-19 22:25:54,579 - INFO - --- STARTING BOT IN LIVE TRADING MODE ---
2025-07-19 22:25:54,589 - INFO - Running trade check at 2025-07-19 22:25:54
2025-07-19 22:25:58,313 - INFO - No open positions found. Scanning for new trading opportunities...
2025-07-19 22:25:59,991 - WARNING - Risk manager check failed: Account balance (0.00) below minimum (1). Halting trade.
2025-07-19 22:26:00,030 - INFO - Bot scheduled to run every 300 seconds
2025-07-19 22:40:37,903 - INFO - --- STARTING BOT IN LIVE TRADING MODE ---
2025-07-19 22:40:37,914 - INFO - Running trade check at 2025-07-19 22:40:37
2025-07-19 22:40:41,655 - INFO - No open positions found. Scanning for new trading opportunities...
2025-07-19 22:40:43,373 - WARNING - Risk manager check failed: Account balance (0.00) below minimum (1). Halting trade.
2025-07-19 22:40:43,413 - INFO - Bot scheduled to run every 300 seconds
2025-07-19 22:46:54,019 - INFO - --- STARTING BOT IN LIVE TRADING MODE ---
2025-07-19 22:46:54,028 - INFO - Running trade check at 2025-07-19 22:46:54
2025-07-19 22:46:54,361 - INFO - No open positions found. Scanning for new trading opportunities...
2025-07-19 22:46:54,568 - ERROR - An unexpected error occurred in check_and_trade: binance {"code":-2015,"msg":"Invalid API-key, IP, or permissions for action."}
2025-07-19 22:46:54,571 - INFO - Bot scheduled to run every 300 seconds
2025-07-19 22:47:42,710 - INFO - --- STARTING BOT IN LIVE TRADING MODE ---
2025-07-19 22:47:42,719 - INFO - Running trade check at 2025-07-19 22:47:42
2025-07-19 22:47:43,063 - INFO - No open positions found. Scanning for new trading opportunities...
2025-07-19 22:47:43,254 - ERROR - An unexpected error occurred in check_and_trade: binance {"code":-2015,"msg":"Invalid API-key, IP, or permissions for action."}
2025-07-19 22:47:43,257 - INFO - Bot scheduled to run every 300 seconds
2025-07-19 22:49:02,735 - INFO - --- STARTING BOT IN LIVE TRADING MODE ---
2025-07-19 22:49:02,745 - INFO - Running trade check at 2025-07-19 22:49:02
2025-07-19 22:49:03,046 - INFO - No open positions found. Scanning for new trading opportunities...
2025-07-19 22:49:03,233 - ERROR - An unexpected error occurred in check_and_trade: binance {"code":-2015,"msg":"Invalid API-key, IP, or permissions for action."}
2025-07-19 22:49:03,237 - INFO - Bot scheduled to run every 300 seconds
2025-07-19 22:49:11,000 - INFO - --- STARTING BOT IN LIVE TRADING MODE ---
2025-07-19 22:49:11,010 - INFO - Running trade check at 2025-07-19 22:49:11
2025-07-19 22:49:11,345 - INFO - No open positions found. Scanning for new trading opportunities...
2025-07-19 22:49:11,523 - ERROR - An unexpected error occurred in check_and_trade: binance {"code":-2015,"msg":"Invalid API-key, IP, or permissions for action."}
2025-07-19 22:49:11,527 - INFO - Bot scheduled to run every 300 seconds
2025-07-19 22:49:44,862 - INFO - --- STARTING BOT IN LIVE TRADING MODE ---
2025-07-19 22:49:44,869 - INFO - Running trade check at 2025-07-19 22:49:44
2025-07-19 22:49:48,613 - INFO - No open positions found. Scanning for new trading opportunities...
2025-07-19 22:49:50,332 - WARNING - Risk manager check failed: Account balance (0.00) below minimum (1). Halting trade.
2025-07-19 22:49:50,377 - INFO - Bot scheduled to run every 300 seconds
2025-07-19 22:50:38,450 - INFO - --- STARTING BOT IN LIVE TRADING MODE ---
2025-07-19 22:50:38,460 - INFO - Running trade check at 2025-07-19 22:50:38
2025-07-19 22:50:42,835 - INFO - No open positions found. Scanning for new trading opportunities...
2025-07-19 22:50:44,540 - WARNING - Risk manager check failed: Account balance (0.00) below minimum (1). Halting trade.
2025-07-19 22:50:44,569 - INFO - Bot scheduled to run every 300 seconds
2025-07-19 22:51:08,696 - INFO - --- STARTING BOT IN LIVE TRADING MODE ---
2025-07-19 22:51:08,701 - INFO - Running trade check at 2025-07-19 22:51:08
2025-07-19 22:51:11,496 - INFO - No open positions found. Scanning for new trading opportunities...
2025-07-19 22:51:13,191 - WARNING - Risk manager check failed: Account balance (0.00) below minimum (1). Halting trade.
2025-07-19 22:51:13,218 - INFO - Bot scheduled to run every 300 seconds
2025-07-19 22:52:01,284 - INFO - --- STARTING BOT IN LIVE TRADING MODE ---
2025-07-19 22:52:01,291 - INFO - Running trade check at 2025-07-19 22:52:01
2025-07-19 22:52:04,834 - INFO - No open positions found. Scanning for new trading opportunities...
2025-07-19 22:52:06,701 - WARNING - Risk manager check failed: Account balance (0.00) below minimum (1). Halting trade.
2025-07-19 22:52:06,727 - INFO - Bot scheduled to run every 300 seconds
2025-07-19 22:56:06,560 - INFO - --- STARTING BOT IN LIVE TRADING MODE ---
2025-07-19 22:56:06,569 - INFO - Running trade check at 2025-07-19 22:56:06
2025-07-19 22:56:10,057 - INFO - No open positions found. Scanning for new trading opportunities...
2025-07-19 22:56:11,752 - WARNING - Risk manager check failed: Account balance (0.00) below minimum (1). Halting trade.
2025-07-19 22:56:11,776 - INFO - Bot scheduled to run every 300 seconds
2025-07-19 22:57:27,577 - INFO - --- STARTING BOT IN LIVE TRADING MODE ---
2025-07-19 22:57:27,585 - INFO - Running trade check at 2025-07-19 22:57:27
2025-07-19 22:57:31,107 - INFO - No open positions found. Scanning for new trading opportunities...
2025-07-19 22:57:32,792 - WARNING - Risk manager check failed: Account balance (0.00) below minimum (1). Halting trade.
2025-07-19 22:57:32,831 - INFO - Bot scheduled to run every 300 seconds
2025-07-19 22:59:29,501 - INFO - --- STARTING BOT IN LIVE TRADING MODE ---
2025-07-19 22:59:29,510 - INFO - Running trade check at 2025-07-19 22:59:29
2025-07-19 22:59:33,186 - INFO - No open positions found. Scanning for new trading opportunities...
2025-07-19 22:59:35,113 - WARNING - Risk manager check failed: Account balance (0.00) below minimum (1). Halting trade.
2025-07-19 22:59:35,153 - INFO - Bot scheduled to run every 300 seconds
2025-07-19 23:01:16,713 - INFO - --- STARTING BOT IN LIVE TRADING MODE ---
2025-07-19 23:01:16,721 - INFO - Running trade check at 2025-07-19 23:01:16
2025-07-19 23:01:16,993 - INFO - No open positions found. Scanning for new trading opportunities...
2025-07-19 23:01:17,174 - ERROR - An unexpected error occurred in check_and_trade: binance {"code":-2008,"msg":"Invalid Api-Key ID."}
2025-07-19 23:01:17,178 - INFO - Bot scheduled to run every 300 seconds
2025-07-19 23:01:38,115 - INFO - --- STARTING BOT IN LIVE TRADING MODE ---
2025-07-19 23:01:38,125 - INFO - Running trade check at 2025-07-19 23:01:38
2025-07-19 23:01:41,783 - INFO - No open positions found. Scanning for new trading opportunities...
2025-07-19 23:01:43,488 - WARNING - Risk manager check failed: Account balance (0.00) below minimum (1). Halting trade.
2025-07-19 23:01:43,540 - INFO - Bot scheduled to run every 300 seconds
2025-07-19 23:02:06,414 - INFO - --- STARTING BOT IN LIVE TRADING MODE ---
2025-07-19 23:02:06,424 - INFO - Running trade check at 2025-07-19 23:02:06
2025-07-19 23:02:06,692 - INFO - No open positions found. Scanning for new trading opportunities...
2025-07-19 23:02:06,885 - ERROR - An unexpected error occurred in check_and_trade: binance {"code":-1022,"msg":"Signature for this request is not valid."}
2025-07-19 23:02:06,888 - INFO - Bot scheduled to run every 300 seconds
2025-07-19 23:03:37,000 - INFO - --- STARTING BOT IN LIVE TRADING MODE ---
2025-07-19 23:03:37,010 - INFO - Running trade check at 2025-07-19 23:03:37
2025-07-19 23:03:42,185 - INFO - No open positions found. Scanning for new trading opportunities...
2025-07-19 23:03:43,956 - WARNING - Risk manager check failed: Account balance (0.00) below minimum (1). Halting trade.
2025-07-19 23:03:43,993 - INFO - Bot scheduled to run every 300 seconds
2025-07-19 23:04:17,699 - INFO - --- STARTING BOT IN LIVE TRADING MODE ---
2025-07-19 23:04:17,709 - INFO - Running trade check at 2025-07-19 23:04:17
2025-07-19 23:04:21,330 - INFO - No open positions found. Scanning for new trading opportunities...
2025-07-19 23:04:23,095 - WARNING - Risk manager check failed: Account balance (0.00) below minimum (1). Halting trade.
2025-07-19 23:04:23,137 - INFO - Bot scheduled to run every 300 seconds
2025-07-19 23:05:07,983 - INFO - --- STARTING BOT IN LIVE TRADING MODE ---
2025-07-19 23:05:07,993 - INFO - Running trade check at 2025-07-19 23:05:07
2025-07-19 23:05:11,778 - INFO - No open positions found. Scanning for new trading opportunities...
2025-07-19 23:05:13,486 - WARNING - Risk manager check failed: Account balance (0.00) below minimum (1). Halting trade.
2025-07-19 23:05:13,526 - INFO - Bot scheduled to run every 300 seconds
2025-07-19 23:05:38,967 - INFO - --- STARTING BOT IN LIVE TRADING MODE ---
2025-07-19 23:05:38,975 - INFO - Running trade check at 2025-07-19 23:05:38
2025-07-19 23:05:42,455 - INFO - No open positions found. Scanning for new trading opportunities...
2025-07-19 23:05:44,206 - WARNING - Risk manager check failed: Account balance (0.00) below minimum (1). Halting trade.
2025-07-19 23:05:44,242 - INFO - Bot scheduled to run every 300 seconds
2025-07-19 23:06:10,345 - INFO - --- STARTING BOT IN LIVE TRADING MODE ---
2025-07-19 23:06:10,354 - INFO - Running trade check at 2025-07-19 23:06:10
2025-07-19 23:06:14,135 - INFO - No open positions found. Scanning for new trading opportunities...
2025-07-19 23:06:15,890 - WARNING - Risk manager check failed: Account balance (0.00) below minimum (1). Halting trade.
2025-07-19 23:06:15,909 - INFO - Bot scheduled to run every 300 seconds
2025-07-19 23:08:27,239 - INFO - --- STARTING BOT IN LIVE TRADING MODE ---
2025-07-19 23:08:27,247 - INFO - Running trade check at 2025-07-19 23:08:27
2025-07-19 23:08:30,225 - INFO - No open positions found. Scanning for new trading opportunities...
2025-07-19 23:08:30,395 - INFO - Retrieved account balance: 0.0 USDT
2025-07-19 23:08:30,395 - WARNING - USDT balance is 0, checking for other currencies...
2025-07-19 23:08:32,065 - WARNING - Risk manager check failed: Account balance (0.00) below minimum (1). Halting trade.
2025-07-19 23:08:32,092 - INFO - Bot scheduled to run every 300 seconds
2025-07-19 23:10:36,234 - INFO - --- STARTING BOT IN LIVE TRADING MODE ---
2025-07-19 23:10:36,244 - INFO - Running trade check at 2025-07-19 23:10:36
2025-07-19 23:10:39,539 - INFO - No open positions found. Scanning for new trading opportunities...
2025-07-19 23:10:41,215 - WARNING - Risk manager check failed: Account balance (0.00) below minimum (1). Halting trade.
2025-07-19 23:10:41,237 - INFO - Bot scheduled to run every 300 seconds
2025-07-19 23:12:20,750 - INFO - --- STARTING BOT IN LIVE TRADING MODE ---
2025-07-19 23:12:20,759 - INFO - Running trade check at 2025-07-19 23:12:20
2025-07-19 23:12:24,527 - INFO - No open positions found. Scanning for new trading opportunities...
2025-07-19 23:12:26,365 - WARNING - Risk manager check failed: Account balance (0.00) below minimum (1). Halting trade.
2025-07-19 23:12:26,400 - INFO - Bot scheduled to run every 300 seconds
2025-07-19 23:14:27,843 - INFO - --- STARTING BOT IN LIVE TRADING MODE ---
2025-07-19 23:14:27,852 - INFO - Running trade check at 2025-07-19 23:14:27
2025-07-19 23:14:32,306 - INFO - No open positions found. Scanning for new trading opportunities...
2025-07-19 23:14:34,301 - WARNING - Risk manager check failed: Account balance (0.00) below minimum (1). Halting trade.
2025-07-19 23:14:34,341 - INFO - Bot scheduled to run every 300 seconds
2025-07-19 23:16:56,730 - INFO - --- STARTING BOT IN LIVE TRADING MODE ---
2025-07-19 23:16:56,739 - INFO - Running trade check at 2025-07-19 23:16:56
2025-07-19 23:17:00,032 - INFO - No open positions found. Scanning for new trading opportunities...
2025-07-19 23:17:01,935 - WARNING - Risk manager check failed: Account balance (0.00) below minimum (1). Halting trade.
2025-07-19 23:17:01,977 - INFO - Bot scheduled to run every 300 seconds
2025-07-19 23:21:06,178 - INFO - --- STARTING BOT IN LIVE TRADING MODE ---
2025-07-19 23:21:06,189 - INFO - Running trade check at 2025-07-19 23:21:06
2025-07-19 23:21:10,563 - INFO - No open positions found. Scanning for new trading opportunities...
2025-07-19 23:21:12,600 - WARNING - Risk manager check failed: Account balance (0.00) below minimum (1). Halting trade.
2025-07-19 23:21:12,636 - INFO - Bot scheduled to run every 300 seconds
2025-07-19 23:23:12,231 - INFO - --- STARTING BOT IN LIVE TRADING MODE ---
2025-07-19 23:23:12,239 - INFO - Running trade check at 2025-07-19 23:23:12
2025-07-19 23:23:15,594 - INFO - No open positions found. Scanning for new trading opportunities...
2025-07-19 23:23:17,584 - WARNING - Risk manager check failed: Account balance (0.15) below minimum (1). Halting trade.
2025-07-19 23:23:17,624 - INFO - Bot scheduled to run every 300 seconds
2025-07-19 23:24:04,480 - INFO - --- STARTING BOT IN LIVE TRADING MODE ---
2025-07-19 23:24:04,484 - INFO - Running trade check at 2025-07-19 23:24:04
2025-07-19 23:24:08,023 - INFO - No open positions found. Scanning for new trading opportunities...
2025-07-19 23:24:10,048 - WARNING - Risk manager check failed: Account balance (0.15) below minimum (1). Halting trade.
2025-07-19 23:24:10,088 - INFO - Bot scheduled to run every 300 seconds
